<?xml version="1.0" encoding="UTF-8"?>
<testsuite xmlns:xsi="http://www.w3.org/2001/XMLSchema-instance" xsi:noNamespaceSchemaLocation="https://maven.apache.org/surefire/maven-surefire-plugin/xsd/surefire-test-report.xsd" name="com.openclassrooms.testing.CalculatorTest" time="1.235" tests="14" errors="0" skipped="0" failures="0">
  <properties>
    <property name="java.specification.version" value="23"/>
    <property name="sun.cpu.isalist" value="amd64"/>
    <property name="sun.jnu.encoding" value="Cp1252"/>
    <property name="java.class.path" value="C:\Travail\formation\Java\Open Classrooms\testez-votre-code-java-pour-realiser-des-applications-de-qualite\oc-testing-java-cours\target\test-classes;C:\Travail\formation\Java\Open Classrooms\testez-votre-code-java-pour-realiser-des-applications-de-qualite\oc-testing-java-cours\target\classes;C:\Users\AbdelkaderAOUAD\.m2\repository\org\junit\jupiter\junit-jupiter\5.5.1\junit-jupiter-5.5.1.jar;C:\Users\AbdelkaderAOUAD\.m2\repository\org\junit\jupiter\junit-jupiter-api\5.5.1\junit-jupiter-api-5.5.1.jar;C:\Users\AbdelkaderAOUAD\.m2\repository\org\apiguardian\apiguardian-api\1.1.0\apiguardian-api-1.1.0.jar;C:\Users\AbdelkaderAOUAD\.m2\repository\org\opentest4j\opentest4j\1.2.0\opentest4j-1.2.0.jar;C:\Users\AbdelkaderAOUAD\.m2\repository\org\junit\platform\junit-platform-commons\1.5.1\junit-platform-commons-1.5.1.jar;C:\Users\AbdelkaderAOUAD\.m2\repository\org\junit\jupiter\junit-jupiter-params\5.5.1\junit-jupiter-params-5.5.1.jar;C:\Users\AbdelkaderAOUAD\.m2\repository\org\junit\jupiter\junit-jupiter-engine\5.5.1\junit-jupiter-engine-5.5.1.jar;C:\Users\AbdelkaderAOUAD\.m2\repository\org\junit\platform\junit-platform-engine\1.5.1\junit-platform-engine-1.5.1.jar;C:\Users\AbdelkaderAOUAD\.m2\repository\org\assertj\assertj-core\3.13.2\assertj-core-3.13.2.jar;C:\Users\AbdelkaderAOUAD\.m2\repository\org\jacoco\jacoco-maven-plugin\0.8.12\jacoco-maven-plugin-0.8.12.jar;C:\Users\AbdelkaderAOUAD\.m2\repository\org\codehaus\plexus\plexus-utils\3.0.24\plexus-utils-3.0.24.jar;C:\Users\AbdelkaderAOUAD\.m2\repository\org\apache\maven\shared\file-management\3.1.0\file-management-3.1.0.jar;C:\Users\AbdelkaderAOUAD\.m2\repository\org\slf4j\slf4j-api\1.7.36\slf4j-api-1.7.36.jar;C:\Users\AbdelkaderAOUAD\.m2\repository\commons-io\commons-io\2.11.0\commons-io-2.11.0.jar;C:\Users\AbdelkaderAOUAD\.m2\repository\org\apache\maven\reporting\maven-reporting-api\3.0\maven-reporting-api-3.0.jar;C:\Users\AbdelkaderAOUAD\.m2\repository\org\apache\maven\doxia\doxia-sink-api\1.0\doxia-sink-api-1.0.jar;C:\Users\AbdelkaderAOUAD\.m2\repository\org\jacoco\org.jacoco.agent\0.8.12\org.jacoco.agent-0.8.12-runtime.jar;C:\Users\AbdelkaderAOUAD\.m2\repository\org\jacoco\org.jacoco.core\0.8.12\org.jacoco.core-0.8.12.jar;C:\Users\AbdelkaderAOUAD\.m2\repository\org\ow2\asm\asm\9.7\asm-9.7.jar;C:\Users\AbdelkaderAOUAD\.m2\repository\org\ow2\asm\asm-commons\9.7\asm-commons-9.7.jar;C:\Users\AbdelkaderAOUAD\.m2\repository\org\ow2\asm\asm-tree\9.7\asm-tree-9.7.jar;C:\Users\AbdelkaderAOUAD\.m2\repository\org\jacoco\org.jacoco.report\0.8.12\org.jacoco.report-0.8.12.jar;"/>
    <property name="java.vm.vendor" value="Eclipse Adoptium"/>
    <property name="sun.arch.data.model" value="64"/>
    <property name="user.variant" value=""/>
    <property name="java.vendor.url" value="https://adoptium.net/"/>
    <property name="user.timezone" value="Europe/Paris"/>
    <property name="os.name" value="Windows 10"/>
    <property name="java.vm.specification.version" value="23"/>
    <property name="sun.java.launcher" value="SUN_STANDARD"/>
    <property name="user.country" value="FR"/>
    <property name="sun.boot.library.path" value="C:\Users\AbdelkaderAOUAD\.p2\pool\plugins\org.eclipse.justj.openjdk.hotspot.jre.full.win32.x86_64_23.0.0.v20240919-1706\jre\bin"/>
    <property name="sun.java.command" value="C:\Users\ABDELK~1\AppData\Local\Temp\surefire1056472429804236890\surefirebooter16734443588317015370.jar C:\Users\AbdelkaderAOUAD\AppData\Local\Temp\surefire1056472429804236890 2024-11-22T15-34-30_915-jvmRun1 surefire3640920284484430859tmp surefire_013803255498986361991tmp"/>
    <property name="jdk.debug" value="release"/>
    <property name="surefire.test.class.path" value="C:\Travail\formation\Java\Open Classrooms\testez-votre-code-java-pour-realiser-des-applications-de-qualite\oc-testing-java-cours\target\test-classes;C:\Travail\formation\Java\Open Classrooms\testez-votre-code-java-pour-realiser-des-applications-de-qualite\oc-testing-java-cours\target\classes;C:\Users\AbdelkaderAOUAD\.m2\repository\org\junit\jupiter\junit-jupiter\5.5.1\junit-jupiter-5.5.1.jar;C:\Users\AbdelkaderAOUAD\.m2\repository\org\junit\jupiter\junit-jupiter-api\5.5.1\junit-jupiter-api-5.5.1.jar;C:\Users\AbdelkaderAOUAD\.m2\repository\org\apiguardian\apiguardian-api\1.1.0\apiguardian-api-1.1.0.jar;C:\Users\AbdelkaderAOUAD\.m2\repository\org\opentest4j\opentest4j\1.2.0\opentest4j-1.2.0.jar;C:\Users\AbdelkaderAOUAD\.m2\repository\org\junit\platform\junit-platform-commons\1.5.1\junit-platform-commons-1.5.1.jar;C:\Users\AbdelkaderAOUAD\.m2\repository\org\junit\jupiter\junit-jupiter-params\5.5.1\junit-jupiter-params-5.5.1.jar;C:\Users\AbdelkaderAOUAD\.m2\repository\org\junit\jupiter\junit-jupiter-engine\5.5.1\junit-jupiter-engine-5.5.1.jar;C:\Users\AbdelkaderAOUAD\.m2\repository\org\junit\platform\junit-platform-engine\1.5.1\junit-platform-engine-1.5.1.jar;C:\Users\AbdelkaderAOUAD\.m2\repository\org\assertj\assertj-core\3.13.2\assertj-core-3.13.2.jar;C:\Users\AbdelkaderAOUAD\.m2\repository\org\jacoco\jacoco-maven-plugin\0.8.12\jacoco-maven-plugin-0.8.12.jar;C:\Users\AbdelkaderAOUAD\.m2\repository\org\codehaus\plexus\plexus-utils\3.0.24\plexus-utils-3.0.24.jar;C:\Users\AbdelkaderAOUAD\.m2\repository\org\apache\maven\shared\file-management\3.1.0\file-management-3.1.0.jar;C:\Users\AbdelkaderAOUAD\.m2\repository\org\slf4j\slf4j-api\1.7.36\slf4j-api-1.7.36.jar;C:\Users\AbdelkaderAOUAD\.m2\repository\commons-io\commons-io\2.11.0\commons-io-2.11.0.jar;C:\Users\AbdelkaderAOUAD\.m2\repository\org\apache\maven\reporting\maven-reporting-api\3.0\maven-reporting-api-3.0.jar;C:\Users\AbdelkaderAOUAD\.m2\repository\org\apache\maven\doxia\doxia-sink-api\1.0\doxia-sink-api-1.0.jar;C:\Users\AbdelkaderAOUAD\.m2\repository\org\jacoco\org.jacoco.agent\0.8.12\org.jacoco.agent-0.8.12-runtime.jar;C:\Users\AbdelkaderAOUAD\.m2\repository\org\jacoco\org.jacoco.core\0.8.12\org.jacoco.core-0.8.12.jar;C:\Users\AbdelkaderAOUAD\.m2\repository\org\ow2\asm\asm\9.7\asm-9.7.jar;C:\Users\AbdelkaderAOUAD\.m2\repository\org\ow2\asm\asm-commons\9.7\asm-commons-9.7.jar;C:\Users\AbdelkaderAOUAD\.m2\repository\org\ow2\asm\asm-tree\9.7\asm-tree-9.7.jar;C:\Users\AbdelkaderAOUAD\.m2\repository\org\jacoco\org.jacoco.report\0.8.12\org.jacoco.report-0.8.12.jar;"/>
    <property name="sun.cpu.endian" value="little"/>
    <property name="user.home" value="C:\Users\AbdelkaderAOUAD"/>
    <property name="user.language" value="fr"/>
    <property name="java.specification.vendor" value="Oracle Corporation"/>
    <property name="java.version.date" value="2024-09-17"/>
    <property name="java.home" value="C:\Users\AbdelkaderAOUAD\.p2\pool\plugins\org.eclipse.justj.openjdk.hotspot.jre.full.win32.x86_64_23.0.0.v20240919-1706\jre"/>
    <property name="file.separator" value="\"/>
    <property name="basedir" value="C:\Travail\formation\Java\Open Classrooms\testez-votre-code-java-pour-realiser-des-applications-de-qualite\oc-testing-java-cours"/>
    <property name="style.color" value="always"/>
    <property name="java.vm.compressedOopsMode" value="Zero based"/>
    <property name="line.separator" value="&#10;"/>
    <property name="java.vm.specification.vendor" value="Oracle Corporation"/>
    <property name="java.specification.name" value="Java Platform API Specification"/>
    <property name="surefire.real.class.path" value="C:\Users\ABDELK~1\AppData\Local\Temp\surefire1056472429804236890\surefirebooter16734443588317015370.jar"/>
    <property name="user.script" value=""/>
    <property name="sun.management.compiler" value="HotSpot 64-Bit Tiered Compilers"/>
    <property name="java.runtime.version" value="23+37"/>
    <property name="user.name" value="AbdelkaderAOUAD"/>
    <property name="stdout.encoding" value="Cp1252"/>
    <property name="path.separator" value=";"/>
    <property name="os.version" value="10.0"/>
    <property name="java.runtime.name" value="OpenJDK Runtime Environment"/>
    <property name="file.encoding" value="UTF-8"/>
    <property name="java.vm.name" value="OpenJDK 64-Bit Server VM"/>
    <property name="java.vendor.version" value="Temurin-23+37"/>
    <property name="localRepository" value="C:\Users\AbdelkaderAOUAD\.m2\repository"/>
    <property name="java.vendor.url.bug" value="https://github.com/adoptium/adoptium-support/issues"/>
    <property name="java.io.tmpdir" value="C:\Users\ABDELK~1\AppData\Local\Temp\"/>
    <property name="java.version" value="23"/>
    <property name="user.dir" value="C:\Travail\formation\Java\Open Classrooms\testez-votre-code-java-pour-realiser-des-applications-de-qualite\oc-testing-java-cours"/>
    <property name="os.arch" value="amd64"/>
    <property name="java.vm.specification.name" value="Java Virtual Machine Specification"/>
    <property name="sun.os.patch.level" value=""/>
    <property name="native.encoding" value="Cp1252"/>
    <property name="java.library.path" value="C:\Users\AbdelkaderAOUAD\.p2\pool\plugins\org.eclipse.justj.openjdk.hotspot.jre.full.win32.x86_64_23.0.0.v20240919-1706\jre\bin;C:\windows\Sun\Java\bin;C:\windows\system32;C:\windows;C:/Users/AbdelkaderAOUAD/.p2/pool/plugins/org.eclipse.justj.openjdk.hotspot.jre.full.win32.x86_64_23.0.0.v20240919-1706/jre/bin/server;C:/Users/AbdelkaderAOUAD/.p2/pool/plugins/org.eclipse.justj.openjdk.hotspot.jre.full.win32.x86_64_23.0.0.v20240919-1706/jre/bin;C:\Program Files\Common Files\Oracle\Java\javapath;C:\windows\system32;C:\windows;C:\windows\System32\Wbem;C:\windows\System32\WindowsPowerShell\v1.0\;C:\windows\System32\OpenSSH\;C:\Program Files\TortoiseSVN\bin;C:\Program Files\nodejs\;C:\Program Files\Git\cmd;C:\Users\AbdelkaderAOUAD\AppData\Local\Microsoft\WindowsApps;C:\Users\AbdelkaderAOUAD\AppData\Local\Programs\Microsoft VS Code\bin;C:\Users\AbdelkaderAOUAD\AppData\Roaming\npm;C:\windows\System32;;."/>
    <property name="java.vm.info" value="mixed mode, sharing"/>
    <property name="stderr.encoding" value="Cp1252"/>
    <property name="java.vendor" value="Eclipse Adoptium"/>
    <property name="java.vm.version" value="23+37"/>
    <property name="sun.io.unicode.encoding" value="UnicodeLittle"/>
    <property name="java.class.version" value="67.0"/>
  </properties>
  <testcase name="testAddTwoPositiveNumbers" classname="com.openclassrooms.testing.CalculatorTest" time="0.299"/>
  <testcase name="add_shouldReturnTheSum_ofMultipleIntegers{int, int, int}[1]" classname="com.openclassrooms.testing.CalculatorTest" time="0.061"/>
  <testcase name="add_shouldReturnTheSum_ofMultipleIntegers{int, int, int}[2]" classname="com.openclassrooms.testing.CalculatorTest" time="0.007"/>
  <testcase name="add_shouldReturnTheSum_ofMultipleIntegers{int, int, int}[3]" classname="com.openclassrooms.testing.CalculatorTest" time="0.005"/>
  <testcase name="multiply_shouldReturnTheProduct_ofTwoIntegers" classname="com.openclassrooms.testing.CalculatorTest" time="0.004"/>
  <testcase name="longCalcul_shouldComputeInLessThan1Second" classname="com.openclassrooms.testing.CalculatorTest" time="0.518"/>
  <testcase name="listDigits_shouldReturnsTheListOfZero_ofZero" classname="com.openclassrooms.testing.CalculatorTest" time="0.043"/>
  <testcase name="listDigits_shouldReturnsTheListOfDigits_ofPositiveInteger" classname="com.openclassrooms.testing.CalculatorTest" time="0.01"/>
  <testcase name="listDigits_shouldReturnsTheListOfDigits_ofNegativeInteger" classname="com.openclassrooms.testing.CalculatorTest" time="0.004"/>
  <testcase name="multiply_shouldReturnZero_ofZeroWithMultipleIntegers{int}[1]" classname="com.openclassrooms.testing.CalculatorTest" time="0.012"/>
  <testcase name="multiply_shouldReturnZero_ofZeroWithMultipleIntegers{int}[2]" classname="com.openclassrooms.testing.CalculatorTest" time="0.006"/>
  <testcase name="multiply_shouldReturnZero_ofZeroWithMultipleIntegers{int}[3]" classname="com.openclassrooms.testing.CalculatorTest" time="0.006"/>
  <testcase name="multiply_shouldReturnZero_ofZeroWithMultipleIntegers{int}[4]" classname="com.openclassrooms.testing.CalculatorTest" time="0.003"/>
  <testcase name="multiply_shouldReturnZero_ofZeroWithMultipleIntegers{int}[5]" classname="com.openclassrooms.testing.CalculatorTest" time="0.006"/>
</testsuite>